-encoding
UTF-8
-outxml
-source
7
-target
7
-classpath
C:\Users\Gustavo\.m2\repository\junit\junit\4.11\junit-4.11.jar;C:\Users\Gustavo\.m2\repository\log4j\log4j\1.2.17\log4j-1.2.17.jar;C:\Users\Gustavo\.m2\repository\org\slf4j\slf4j-api\1.7.5\slf4j-api-1.7.5.jar;C:\Users\Gustavo\.m2\repository\org\slf4j\jcl-over-slf4j\1.7.5\jcl-over-slf4j-1.7.5.jar;C:\Users\Gustavo\.m2\repository\org\slf4j\slf4j-log4j12\1.7.5\slf4j-log4j12-1.7.5.jar;C:\Users\Gustavo\.m2\repository\org\aspectj\aspectjrt\1.7.2\aspectjrt-1.7.2.jar;C:\Users\Gustavo\.m2\repository\org\aspectj\aspectjweaver\1.7.2\aspectjweaver-1.7.2.jar;C:\Users\Gustavo\.m2\repository\javax\servlet\servlet-api\2.5\servlet-api-2.5.jar;C:\Users\Gustavo\.m2\repository\net\sf\flexjson\flexjson\2.1\flexjson-2.1.jar;C:\Users\Gustavo\.m2\repository\org\apache\commons\commons-lang3\3.1\commons-lang3-3.1.jar;C:\Users\Gustavo\.m2\repository\org\springframework\spring-core\3.2.3.RELEASE\spring-core-3.2.3.RELEASE.jar;C:\Users\Gustavo\.m2\repository\org\springframework\spring-test\3.2.3.RELEASE\spring-test-3.2.3.RELEASE.jar;C:\Users\Gustavo\.m2\repository\org\springframework\spring-context\3.2.3.RELEASE\spring-context-3.2.3.RELEASE.jar;C:\Users\Gustavo\.m2\repository\org\springframework\spring-aop\3.2.3.RELEASE\spring-aop-3.2.3.RELEASE.jar;C:\Users\Gustavo\.m2\repository\org\springframework\spring-aspects\3.2.3.RELEASE\spring-aspects-3.2.3.RELEASE.jar;C:\Users\Gustavo\.m2\repository\mysql\mysql-connector-java\5.1.18\mysql-connector-java-5.1.18.jar;C:\Users\Gustavo\.m2\repository\org\hibernate\hibernate-core\4.2.2.Final\hibernate-core-4.2.2.Final.jar;C:\Users\Gustavo\.m2\repository\org\hibernate\hibernate-entitymanager\4.2.2.Final\hibernate-entitymanager-4.2.2.Final.jar;C:\Users\Gustavo\.m2\repository\org\hibernate\javax\persistence\hibernate-jpa-2.0-api\1.0.1.Final\hibernate-jpa-2.0-api-1.0.1.Final.jar;C:\Users\Gustavo\.m2\repository\commons-collections\commons-collections\3.2.1\commons-collections-3.2.1.jar;C:\Users\Gustavo\.m2\repository\org\hibernate\hibernate-validator\4.3.1.Final\hibernate-validator-4.3.1.Final.jar;C:\Users\Gustavo\.m2\repository\javax\validation\validation-api\1.0.0.GA\validation-api-1.0.0.GA.jar;C:\Users\Gustavo\.m2\repository\javax\transaction\jta\1.1\jta-1.1.jar;C:\Users\Gustavo\.m2\repository\org\springframework\spring-jdbc\3.2.3.RELEASE\spring-jdbc-3.2.3.RELEASE.jar;C:\Users\Gustavo\.m2\repository\org\springframework\spring-orm\3.2.3.RELEASE\spring-orm-3.2.3.RELEASE.jar;C:\Users\Gustavo\.m2\repository\commons-pool\commons-pool\1.5.6\commons-pool-1.5.6.jar;C:\Users\Gustavo\.m2\repository\commons-dbcp\commons-dbcp\1.4\commons-dbcp-1.4.jar;C:\Users\Gustavo\.m2\repository\org\apache\myfaces\core\myfaces-api\2.1.10\myfaces-api-2.1.10.jar;C:\Users\Gustavo\.m2\repository\org\apache\myfaces\core\myfaces-impl\2.1.10\myfaces-impl-2.1.10.jar;C:\Users\Gustavo\.m2\repository\org\primefaces\primefaces\3.5\primefaces-3.5.jar;C:\Users\Gustavo\.m2\repository\org\primefaces\themes\south-street\1.0.10\south-street-1.0.10.jar;C:\Users\Gustavo\.m2\repository\org\springframework\spring-web\3.2.3.RELEASE\spring-web-3.2.3.RELEASE.jar;C:\Users\Gustavo\.m2\repository\javax\el\el-api\2.2\el-api-2.2.jar;C:\Users\Gustavo\.m2\repository\commons-fileupload\commons-fileupload\1.2.2\commons-fileupload-1.2.2.jar;C:\Users\Gustavo\.m2\repository\commons-io\commons-io\2.1\commons-io-2.1.jar;C:\Users\Gustavo\.m2\repository\org\primefaces\themes\eggplant\1.0.10\eggplant-1.0.10.jar;C:\Users\Gustavo\.m2\repository\org\apache\poi\poi\3.7\poi-3.7.jar;C:\Users\Gustavo\.m2\repository\org\springframework\spring-beans\3.2.3.RELEASE\spring-beans-3.2.3.RELEASE.jar;C:\Users\Gustavo\.m2\repository\org\springframework\spring-expression\3.2.3.RELEASE\spring-expression-3.2.3.RELEASE.jar;C:\Users\Gustavo\.m2\repository\aopalliance\aopalliance\1.0\aopalliance-1.0.jar;C:\Users\Gustavo\.m2\repository\org\springframework\spring-context-support\3.2.3.RELEASE\spring-context-support-3.2.3.RELEASE.jar;C:\Users\Gustavo\.m2\repository\antlr\antlr\2.7.7\antlr-2.7.7.jar;C:\Users\Gustavo\.m2\repository\org\jboss\logging\jboss-logging\3.1.0.GA\jboss-logging-3.1.0.GA.jar;C:\Users\Gustavo\.m2\repository\dom4j\dom4j\1.6.1\dom4j-1.6.1.jar;C:\Users\Gustavo\.m2\repository\org\jboss\spec\javax\transaction\jboss-transaction-api_1.1_spec\1.0.1.Final\jboss-transaction-api_1.1_spec-1.0.1.Final.jar;C:\Users\Gustavo\.m2\repository\org\hibernate\common\hibernate-commons-annotations\4.0.2.Final\hibernate-commons-annotations-4.0.2.Final.jar;C:\Users\Gustavo\.m2\repository\org\javassist\javassist\3.15.0-GA\javassist-3.15.0-GA.jar;C:\Users\Gustavo\.m2\repository\org\springframework\spring-tx\3.2.3.RELEASE\spring-tx-3.2.3.RELEASE.jar;C:\Users\Gustavo\.m2\repository\commons-codec\commons-codec\1.3\commons-codec-1.3.jar;C:\Users\Gustavo\.m2\repository\commons-beanutils\commons-beanutils\1.8.3\commons-beanutils-1.8.3.jar;C:\Users\Gustavo\.m2\repository\commons-digester\commons-digester\1.8\commons-digester-1.8.jar;C:\Users\Gustavo\workspace4\horarios\target\classes
-aspectpath
C:\Users\Gustavo\.m2\repository\org\springframework\spring-aspects\3.2.3.RELEASE\spring-aspects-3.2.3.RELEASE.jar
-d
C:\Users\Gustavo\workspace4\horarios\target\classes
C:\Users\Gustavo\workspace4\horarios\src\main\java\com\horarios\Acceso.java
C:\Users\Gustavo\workspace4\horarios\src\main\java\com\horarios\Area.java
C:\Users\Gustavo\workspace4\horarios\src\main\java\com\horarios\Aula.java
C:\Users\Gustavo\workspace4\horarios\src\main\java\com\horarios\Cargo.java
C:\Users\Gustavo\workspace4\horarios\src\main\java\com\horarios\Curso.java
C:\Users\Gustavo\workspace4\horarios\src\main\java\com\horarios\Dictado.java
C:\Users\Gustavo\workspace4\horarios\src\main\java\com\horarios\Disponibilidad.java
C:\Users\Gustavo\workspace4\horarios\src\main\java\com\horarios\Docente.java
C:\Users\Gustavo\workspace4\horarios\src\main\java\com\horarios\Hora.java
C:\Users\Gustavo\workspace4\horarios\src\main\java\com\horarios\jsf\AccesoBean.java
C:\Users\Gustavo\workspace4\horarios\src\main\java\com\horarios\jsf\ApplicationBean.java
C:\Users\Gustavo\workspace4\horarios\src\main\java\com\horarios\jsf\AreaBean.java
C:\Users\Gustavo\workspace4\horarios\src\main\java\com\horarios\jsf\AulaBean.java
C:\Users\Gustavo\workspace4\horarios\src\main\java\com\horarios\jsf\CargoBean.java
C:\Users\Gustavo\workspace4\horarios\src\main\java\com\horarios\jsf\converter\AccesoConverter.java
C:\Users\Gustavo\workspace4\horarios\src\main\java\com\horarios\jsf\converter\AreaConverter.java
C:\Users\Gustavo\workspace4\horarios\src\main\java\com\horarios\jsf\converter\AulaConverter.java
C:\Users\Gustavo\workspace4\horarios\src\main\java\com\horarios\jsf\converter\CargoConverter.java
C:\Users\Gustavo\workspace4\horarios\src\main\java\com\horarios\jsf\converter\CursoConverter.java
C:\Users\Gustavo\workspace4\horarios\src\main\java\com\horarios\jsf\converter\DictadoConverter.java
C:\Users\Gustavo\workspace4\horarios\src\main\java\com\horarios\jsf\converter\DisponibilidadConverter.java
C:\Users\Gustavo\workspace4\horarios\src\main\java\com\horarios\jsf\converter\DocenteConverter.java
C:\Users\Gustavo\workspace4\horarios\src\main\java\com\horarios\jsf\converter\HoraConverter.java
C:\Users\Gustavo\workspace4\horarios\src\main\java\com\horarios\jsf\converter\MenuConverter.java
C:\Users\Gustavo\workspace4\horarios\src\main\java\com\horarios\jsf\converter\UsuarioConverter.java
C:\Users\Gustavo\workspace4\horarios\src\main\java\com\horarios\jsf\CursoBean.java
C:\Users\Gustavo\workspace4\horarios\src\main\java\com\horarios\jsf\DictadoBean.java
C:\Users\Gustavo\workspace4\horarios\src\main\java\com\horarios\jsf\DisponibilidadBean.java
C:\Users\Gustavo\workspace4\horarios\src\main\java\com\horarios\jsf\DocenteBean.java
C:\Users\Gustavo\workspace4\horarios\src\main\java\com\horarios\jsf\HoraBean.java
C:\Users\Gustavo\workspace4\horarios\src\main\java\com\horarios\jsf\MainBean.java
C:\Users\Gustavo\workspace4\horarios\src\main\java\com\horarios\jsf\MenuBean.java
C:\Users\Gustavo\workspace4\horarios\src\main\java\com\horarios\jsf\UsuarioBean.java
C:\Users\Gustavo\workspace4\horarios\src\main\java\com\horarios\jsf\util\LocaleBean.java
C:\Users\Gustavo\workspace4\horarios\src\main\java\com\horarios\jsf\util\MessageFactory.java
C:\Users\Gustavo\workspace4\horarios\src\main\java\com\horarios\jsf\util\ViewExpiredExceptionExceptionHandler.java
C:\Users\Gustavo\workspace4\horarios\src\main\java\com\horarios\jsf\util\ViewExpiredExceptionExceptionHandlerFactory.java
C:\Users\Gustavo\workspace4\horarios\src\main\java\com\horarios\Menu.java
C:\Users\Gustavo\workspace4\horarios\src\main\java\com\horarios\Usuario.java
